[debug] [2020-03-13T23:58:30.458Z] ----------------------------------------------------------------------
[debug] [2020-03-13T23:58:30.461Z] Command:       C:\Program Files\nodejs\node.exe C:\Users\fpesa\AppData\Roaming\npm\node_modules\firebase-tools\lib\bin\firebase.js deploy --only hosting:webinkill
[debug] [2020-03-13T23:58:30.461Z] CLI Version:   7.15.0
[debug] [2020-03-13T23:58:30.461Z] Platform:      win32
[debug] [2020-03-13T23:58:30.461Z] Node Version:  v12.16.1
[debug] [2020-03-13T23:58:30.462Z] Time:          Fri Mar 13 2020 20:58:30 GMT-0300 (GMT-03:00)
[debug] [2020-03-13T23:58:30.462Z] ----------------------------------------------------------------------
[debug] [2020-03-13T23:58:30.462Z] 
[debug] [2020-03-13T23:58:30.474Z] > command requires scopes: ["email","openid","https://www.googleapis.com/auth/cloudplatformprojects.readonly","https://www.googleapis.com/auth/firebase","https://www.googleapis.com/auth/cloud-platform"]
[debug] [2020-03-13T23:58:30.475Z] > authorizing via signed-in user
[debug] [2020-03-13T23:58:30.475Z] [iam] checking project ybtecno-150001 for permissions ["firebase.projects.get","firebasehosting.sites.update"]
[debug] [2020-03-13T23:58:30.477Z] >>> HTTP REQUEST POST https://cloudresourcemanager.googleapis.com/v1/projects/ybtecno-150001:testIamPermissions  

[debug] [2020-03-13T23:58:31.924Z] <<< HTTP RESPONSE 200
[debug] [2020-03-13T23:58:31.926Z] >>> HTTP REQUEST GET https://firebase.googleapis.com/v1beta1/projects/ybtecno-150001  
 
[debug] [2020-03-13T23:58:32.265Z] <<< HTTP RESPONSE 200
[info] 
[info] === Deploying to 'ybtecno-150001'...
[info] 
[info] i  deploying hosting
[info] 
[info] +  Deploy complete!
[info] 
[info] Project Console: https://console.firebase.google.com/project/ybtecno-150001/overview
[debug] [2020-03-13T23:58:32.405Z] TypeError: Cannot read property 'deploys' of undefined
    at C:\Users\fpesa\AppData\Roaming\npm\node_modules\firebase-tools\lib\deploy\index.js:84:36
    at processTicksAndRejections (internal/process/task_queues.js:97:5)
[error] 
[error] Error: An unexpected error has occurred.
